2025-05-09 10:12:28 [main] INFO  c.m.l.ListingPlateformApplication - Starting ListingPlateformApplication using Java 21.0.7 with PID 62250 (/Users/Zhuanz/Desktop/Bank_Clean_Tool_Full_Version1.0.0/Vue-Admin-Dashboard/back/listing-plateform/target/classes started by Zhuanz in /Users/Zhuanz/Desktop/Bank_Clean_Tool_Full_Version1.0.0/Vue-Admin-Dashboard/back)
2025-05-09 10:12:28 [main] DEBUG c.m.l.ListingPlateformApplication - Running with Spring Boot v3.4.4, Spring v6.2.5
2025-05-09 10:12:28 [main] INFO  c.m.l.ListingPlateformApplication - No active profile set, falling back to 1 default profile: "default"
2025-05-09 10:12:28 [main] INFO  o.s.d.r.c.RepositoryConfigurationDelegate - Multiple Spring Data modules found, entering strict repository configuration mode
2025-05-09 10:12:28 [main] INFO  o.s.d.r.c.RepositoryConfigurationDelegate - Bootstrapping Spring Data JPA repositories in DEFAULT mode.
2025-05-09 10:12:28 [main] INFO  o.s.d.r.c.RepositoryConfigurationDelegate - Finished Spring Data repository scanning in 68 ms. Found 1 JPA repository interface.
2025-05-09 10:12:28 [main] INFO  o.s.d.r.c.RepositoryConfigurationDelegate - Multiple Spring Data modules found, entering strict repository configuration mode
2025-05-09 10:12:28 [main] INFO  o.s.d.r.c.RepositoryConfigurationDelegate - Bootstrapping Spring Data Redis repositories in DEFAULT mode.
2025-05-09 10:12:28 [main] INFO  o.s.d.r.c.RepositoryConfigurationExtensionSupport - Spring Data Redis - Could not safely identify store assignment for repository candidate interface com.mall.listingplateform.repository.ProductRepository; If you want this repository to be a Redis repository, consider annotating your entities with one of these annotations: org.springframework.data.redis.core.RedisHash (preferred), or consider extending one of the following types with your repository: org.springframework.data.keyvalue.repository.KeyValueRepository
2025-05-09 10:12:28 [main] INFO  o.s.d.r.c.RepositoryConfigurationDelegate - Finished Spring Data repository scanning in 2 ms. Found 0 Redis repository interfaces.
2025-05-09 10:12:28 [main] INFO  o.s.cloud.context.scope.GenericScope - BeanFactory id=fd516e75-9a4d-348a-8b64-5c57c4ad5034
2025-05-09 10:12:28 [main] INFO  o.s.b.w.e.tomcat.TomcatWebServer - Tomcat initialized with port 8080 (http)
2025-05-09 10:12:28 [main] INFO  o.a.catalina.core.StandardService - Starting service [Tomcat]
2025-05-09 10:12:28 [main] INFO  o.a.catalina.core.StandardEngine - Starting Servlet engine: [Apache Tomcat/10.1.39]
2025-05-09 10:12:28 [main] INFO  o.a.c.c.C.[.[localhost].[/api] - Initializing Spring embedded WebApplicationContext
2025-05-09 10:12:28 [main] INFO  o.s.b.w.s.c.ServletWebServerApplicationContext - Root WebApplicationContext: initialization completed in 866 ms
2025-05-09 10:12:29 [main] INFO  o.h.jpa.internal.util.LogHelper - HHH000204: Processing PersistenceUnitInfo [name: default]
2025-05-09 10:12:29 [main] INFO  org.hibernate.Version - HHH000412: Hibernate ORM core version 6.6.11.Final
2025-05-09 10:12:29 [main] INFO  o.h.c.i.RegionFactoryInitiator - HHH000026: Second-level cache disabled
2025-05-09 10:12:29 [main] INFO  o.s.o.j.p.SpringPersistenceUnitInfo - No LoadTimeWeaver setup: ignoring JPA class transformer
2025-05-09 10:12:29 [main] INFO  com.zaxxer.hikari.HikariDataSource - HikariPool-1 - Starting...
2025-05-09 10:12:29 [main] INFO  com.zaxxer.hikari.pool.HikariPool - HikariPool-1 - Added connection com.mysql.cj.jdbc.ConnectionImpl@434ee422
2025-05-09 10:12:29 [main] INFO  com.zaxxer.hikari.HikariDataSource - HikariPool-1 - Start completed.
2025-05-09 10:12:29 [main] WARN  org.hibernate.orm.deprecation - HHH90000025: MySQLDialect does not need to be specified explicitly using 'hibernate.dialect' (remove the property setting and it will be selected by default)
2025-05-09 10:12:29 [main] INFO  o.hibernate.orm.connections.pooling - HHH10001005: Database info:
	Database JDBC URL [Connecting through datasource 'HikariDataSource (HikariPool-1)']
	Database driver: undefined/unknown
	Database version: 9.3
	Autocommit mode: undefined/unknown
	Isolation level: undefined/unknown
	Minimum pool size: undefined/unknown
	Maximum pool size: undefined/unknown
2025-05-09 10:12:29 [main] INFO  o.h.e.t.j.p.i.JtaPlatformInitiator - HHH000489: No JTA platform available (set 'hibernate.transaction.jta.platform' to enable JTA platform integration)
2025-05-09 10:12:30 [main] DEBUG org.hibernate.SQL - 
    create table product_analytics (
        id bigint not null auto_increment,
        ai_suggestions TEXT,
        average_rating decimal(3,1),
        comment_count integer,
        competitor_price_range varchar(50),
        conversion_rate decimal(5,2),
        create_time datetime(6) not null,
        favorite_count integer,
        last_analyzed_time datetime(6),
        market_trend integer,
        return_rate decimal(5,2),
        sales_volume integer,
        seasonality_index integer,
        update_time datetime(6) not null,
        view_count integer,
        product_id bigint not null,
        primary key (id)
    ) engine=InnoDB
2025-05-09 10:12:30 [main] DEBUG org.hibernate.SQL - 
    create table product_data_quality (
        id bigint not null auto_increment,
        clean_status enum ('COMPLETED','FAILED','IN_PROGRESS','PENDING','VERIFIED') not null,
        create_time datetime(6) not null,
        data_source varchar(50),
        data_version varchar(20),
        last_clean_time datetime(6),
        problem_count integer,
        problem_details TEXT,
        quality_score integer,
        source_system varchar(50),
        update_time datetime(6) not null,
        product_id bigint not null,
        primary key (id)
    ) engine=InnoDB
2025-05-09 10:12:30 [main] DEBUG org.hibernate.SQL - 
    create table product_supplier (
        id bigint not null auto_increment,
        address varchar(200),
        code varchar(30) not null,
        contact_email varchar(50),
        contact_person varchar(20),
        contact_phone varchar(20),
        create_time datetime(6) not null,
        description TEXT,
        name varchar(50) not null,
        purchase_link varchar(255),
        quality_rating integer,
        status enum ('ACTIVE','INACTIVE','SUSPENDED','TERMINATED') not null,
        update_time datetime(6) not null,
        primary key (id)
    ) engine=InnoDB
2025-05-09 10:12:30 [main] DEBUG org.hibernate.SQL - 
    alter table products 
       add column attributes TEXT
2025-05-09 10:12:30 [main] DEBUG org.hibernate.SQL - 
    alter table products 
       add column code varchar(50) not null
2025-05-09 10:12:30 [main] DEBUG org.hibernate.SQL - 
    alter table products 
       add column cost_price decimal(10,2)
2025-05-09 10:12:30 [main] DEBUG org.hibernate.SQL - 
    alter table products 
       add column create_time datetime(6) not null
2025-05-09 10:12:30 [main] WARN  o.h.t.s.i.ExceptionHandlerLoggedImpl - GenerationTarget encountered exception accepting command : Error executing DDL "
    alter table products 
       add column create_time datetime(6) not null" via JDBC [Data truncation: Incorrect datetime value: '0000-00-00 00:00:00' for column 'create_time' at row 1]
org.hibernate.tool.schema.spi.CommandAcceptanceException: Error executing DDL "
    alter table products 
       add column create_time datetime(6) not null" via JDBC [Data truncation: Incorrect datetime value: '0000-00-00 00:00:00' for column 'create_time' at row 1]
	at org.hibernate.tool.schema.internal.exec.GenerationTargetToDatabase.accept(GenerationTargetToDatabase.java:94)
	at org.hibernate.tool.schema.internal.AbstractSchemaMigrator.applySqlString(AbstractSchemaMigrator.java:576)
	at org.hibernate.tool.schema.internal.AbstractSchemaMigrator.applySqlStrings(AbstractSchemaMigrator.java:516)
	at org.hibernate.tool.schema.internal.AbstractSchemaMigrator.migrateTable(AbstractSchemaMigrator.java:334)
	at org.hibernate.tool.schema.internal.GroupedSchemaMigratorImpl.performTablesMigration(GroupedSchemaMigratorImpl.java:84)
	at org.hibernate.tool.schema.internal.AbstractSchemaMigrator.performMigration(AbstractSchemaMigrator.java:233)
	at org.hibernate.tool.schema.internal.AbstractSchemaMigrator.doMigration(AbstractSchemaMigrator.java:112)
	at org.hibernate.tool.schema.spi.SchemaManagementToolCoordinator.performDatabaseAction(SchemaManagementToolCoordinator.java:280)
	at org.hibernate.tool.schema.spi.SchemaManagementToolCoordinator.lambda$process$5(SchemaManagementToolCoordinator.java:144)
	at java.base/java.util.HashMap.forEach(HashMap.java:1429)
	at org.hibernate.tool.schema.spi.SchemaManagementToolCoordinator.process(SchemaManagementToolCoordinator.java:141)
	at org.hibernate.boot.internal.SessionFactoryObserverForSchemaExport.sessionFactoryCreated(SessionFactoryObserverForSchemaExport.java:37)
	at org.hibernate.internal.SessionFactoryObserverChain.sessionFactoryCreated(SessionFactoryObserverChain.java:35)
	at org.hibernate.internal.SessionFactoryImpl.<init>(SessionFactoryImpl.java:324)
	at org.hibernate.boot.internal.SessionFactoryBuilderImpl.build(SessionFactoryBuilderImpl.java:463)
	at org.hibernate.jpa.boot.internal.EntityManagerFactoryBuilderImpl.build(EntityManagerFactoryBuilderImpl.java:1517)
	at org.springframework.orm.jpa.vendor.SpringHibernateJpaPersistenceProvider.createContainerEntityManagerFactory(SpringHibernateJpaPersistenceProvider.java:66)
	at org.springframework.orm.jpa.LocalContainerEntityManagerFactoryBean.createNativeEntityManagerFactory(LocalContainerEntityManagerFactoryBean.java:390)
	at org.springframework.orm.jpa.AbstractEntityManagerFactoryBean.buildNativeEntityManagerFactory(AbstractEntityManagerFactoryBean.java:419)
	at org.springframework.orm.jpa.AbstractEntityManagerFactoryBean.afterPropertiesSet(AbstractEntityManagerFactoryBean.java:400)
	at org.springframework.orm.jpa.LocalContainerEntityManagerFactoryBean.afterPropertiesSet(LocalContainerEntityManagerFactoryBean.java:366)
	at org.springframework.beans.factory.support.AbstractAutowireCapableBeanFactory.invokeInitMethods(AbstractAutowireCapableBeanFactory.java:1859)
	at org.springframework.beans.factory.support.AbstractAutowireCapableBeanFactory.initializeBean(AbstractAutowireCapableBeanFactory.java:1808)
	at org.springframework.beans.factory.support.AbstractAutowireCapableBeanFactory.doCreateBean(AbstractAutowireCapableBeanFactory.java:601)
	at org.springframework.beans.factory.support.AbstractAutowireCapableBeanFactory.createBean(AbstractAutowireCapableBeanFactory.java:523)
	at org.springframework.beans.factory.support.AbstractBeanFactory.lambda$doGetBean$0(AbstractBeanFactory.java:339)
	at org.springframework.beans.factory.support.DefaultSingletonBeanRegistry.getSingleton(DefaultSingletonBeanRegistry.java:347)
	at org.springframework.beans.factory.support.AbstractBeanFactory.doGetBean(AbstractBeanFactory.java:337)
	at org.springframework.beans.factory.support.AbstractBeanFactory.getBean(AbstractBeanFactory.java:207)
	at org.springframework.context.support.AbstractApplicationContext.finishBeanFactoryInitialization(AbstractApplicationContext.java:970)
	at org.springframework.context.support.AbstractApplicationContext.refresh(AbstractApplicationContext.java:627)
	at org.springframework.boot.web.servlet.context.ServletWebServerApplicationContext.refresh(ServletWebServerApplicationContext.java:146)
	at org.springframework.boot.SpringApplication.refresh(SpringApplication.java:752)
	at org.springframework.boot.SpringApplication.refreshContext(SpringApplication.java:439)
	at org.springframework.boot.SpringApplication.run(SpringApplication.java:318)
	at org.springframework.boot.SpringApplication.run(SpringApplication.java:1361)
	at org.springframework.boot.SpringApplication.run(SpringApplication.java:1350)
	at com.mall.listingplateform.ListingPlateformApplication.main(ListingPlateformApplication.java:10)
Caused by: com.mysql.cj.jdbc.exceptions.MysqlDataTruncation: Data truncation: Incorrect datetime value: '0000-00-00 00:00:00' for column 'create_time' at row 1
	at com.mysql.cj.jdbc.exceptions.SQLExceptionsMapping.translateException(SQLExceptionsMapping.java:104)
	at com.mysql.cj.jdbc.StatementImpl.executeInternal(StatementImpl.java:763)
	at com.mysql.cj.jdbc.StatementImpl.execute(StatementImpl.java:648)
	at com.zaxxer.hikari.pool.ProxyStatement.execute(ProxyStatement.java:94)
	at com.zaxxer.hikari.pool.HikariProxyStatement.execute(HikariProxyStatement.java)
	at org.hibernate.tool.schema.internal.exec.GenerationTargetToDatabase.accept(GenerationTargetToDatabase.java:80)
	... 37 common frames omitted
2025-05-09 10:12:30 [main] DEBUG org.hibernate.SQL - 
    alter table products 
       modify column description varchar(100)
2025-05-09 10:12:30 [main] DEBUG org.hibernate.SQL - 
    alter table products 
       add column detail_content TEXT
2025-05-09 10:12:30 [main] DEBUG org.hibernate.SQL - 
    alter table products 
       add column images TEXT
2025-05-09 10:12:30 [main] DEBUG org.hibernate.SQL - 
    alter table products 
       add column keywords varchar(200)
2025-05-09 10:12:30 [main] DEBUG org.hibernate.SQL - 
    alter table products 
       modify column name varchar(20) not null
2025-05-09 10:12:30 [main] DEBUG org.hibernate.SQL - 
    alter table products 
       add column promotion_price decimal(10,2)
2025-05-09 10:12:30 [main] DEBUG org.hibernate.SQL - 
    alter table products 
       add column publish_time datetime(6)
2025-05-09 10:12:30 [main] DEBUG org.hibernate.SQL - 
    alter table products 
       add column search_tags TEXT
2025-05-09 10:12:30 [main] DEBUG org.hibernate.SQL - 
    alter table products 
       add column specifications TEXT
2025-05-09 10:12:30 [main] DEBUG org.hibernate.SQL - 
    alter table products 
       modify column status enum ('APPROVED','DELETED','DRAFT','PENDING','PUBLISHED','UNPUBLISHED') not null
2025-05-09 10:12:30 [main] DEBUG org.hibernate.SQL - 
    alter table products 
       add column stock integer not null
2025-05-09 10:12:30 [main] DEBUG org.hibernate.SQL - 
    alter table products 
       add column unpublish_time datetime(6)
2025-05-09 10:12:30 [main] DEBUG org.hibernate.SQL - 
    alter table products 
       add column update_time datetime(6) not null
2025-05-09 10:12:30 [main] WARN  o.h.t.s.i.ExceptionHandlerLoggedImpl - GenerationTarget encountered exception accepting command : Error executing DDL "
    alter table products 
       add column update_time datetime(6) not null" via JDBC [Data truncation: Incorrect datetime value: '0000-00-00 00:00:00' for column 'update_time' at row 1]
org.hibernate.tool.schema.spi.CommandAcceptanceException: Error executing DDL "
    alter table products 
       add column update_time datetime(6) not null" via JDBC [Data truncation: Incorrect datetime value: '0000-00-00 00:00:00' for column 'update_time' at row 1]
	at org.hibernate.tool.schema.internal.exec.GenerationTargetToDatabase.accept(GenerationTargetToDatabase.java:94)
	at org.hibernate.tool.schema.internal.AbstractSchemaMigrator.applySqlString(AbstractSchemaMigrator.java:576)
	at org.hibernate.tool.schema.internal.AbstractSchemaMigrator.applySqlStrings(AbstractSchemaMigrator.java:516)
	at org.hibernate.tool.schema.internal.AbstractSchemaMigrator.migrateTable(AbstractSchemaMigrator.java:334)
	at org.hibernate.tool.schema.internal.GroupedSchemaMigratorImpl.performTablesMigration(GroupedSchemaMigratorImpl.java:84)
	at org.hibernate.tool.schema.internal.AbstractSchemaMigrator.performMigration(AbstractSchemaMigrator.java:233)
	at org.hibernate.tool.schema.internal.AbstractSchemaMigrator.doMigration(AbstractSchemaMigrator.java:112)
	at org.hibernate.tool.schema.spi.SchemaManagementToolCoordinator.performDatabaseAction(SchemaManagementToolCoordinator.java:280)
	at org.hibernate.tool.schema.spi.SchemaManagementToolCoordinator.lambda$process$5(SchemaManagementToolCoordinator.java:144)
	at java.base/java.util.HashMap.forEach(HashMap.java:1429)
	at org.hibernate.tool.schema.spi.SchemaManagementToolCoordinator.process(SchemaManagementToolCoordinator.java:141)
	at org.hibernate.boot.internal.SessionFactoryObserverForSchemaExport.sessionFactoryCreated(SessionFactoryObserverForSchemaExport.java:37)
	at org.hibernate.internal.SessionFactoryObserverChain.sessionFactoryCreated(SessionFactoryObserverChain.java:35)
	at org.hibernate.internal.SessionFactoryImpl.<init>(SessionFactoryImpl.java:324)
	at org.hibernate.boot.internal.SessionFactoryBuilderImpl.build(SessionFactoryBuilderImpl.java:463)
	at org.hibernate.jpa.boot.internal.EntityManagerFactoryBuilderImpl.build(EntityManagerFactoryBuilderImpl.java:1517)
	at org.springframework.orm.jpa.vendor.SpringHibernateJpaPersistenceProvider.createContainerEntityManagerFactory(SpringHibernateJpaPersistenceProvider.java:66)
	at org.springframework.orm.jpa.LocalContainerEntityManagerFactoryBean.createNativeEntityManagerFactory(LocalContainerEntityManagerFactoryBean.java:390)
	at org.springframework.orm.jpa.AbstractEntityManagerFactoryBean.buildNativeEntityManagerFactory(AbstractEntityManagerFactoryBean.java:419)
	at org.springframework.orm.jpa.AbstractEntityManagerFactoryBean.afterPropertiesSet(AbstractEntityManagerFactoryBean.java:400)
	at org.springframework.orm.jpa.LocalContainerEntityManagerFactoryBean.afterPropertiesSet(LocalContainerEntityManagerFactoryBean.java:366)
	at org.springframework.beans.factory.support.AbstractAutowireCapableBeanFactory.invokeInitMethods(AbstractAutowireCapableBeanFactory.java:1859)
	at org.springframework.beans.factory.support.AbstractAutowireCapableBeanFactory.initializeBean(AbstractAutowireCapableBeanFactory.java:1808)
	at org.springframework.beans.factory.support.AbstractAutowireCapableBeanFactory.doCreateBean(AbstractAutowireCapableBeanFactory.java:601)
	at org.springframework.beans.factory.support.AbstractAutowireCapableBeanFactory.createBean(AbstractAutowireCapableBeanFactory.java:523)
	at org.springframework.beans.factory.support.AbstractBeanFactory.lambda$doGetBean$0(AbstractBeanFactory.java:339)
	at org.springframework.beans.factory.support.DefaultSingletonBeanRegistry.getSingleton(DefaultSingletonBeanRegistry.java:347)
	at org.springframework.beans.factory.support.AbstractBeanFactory.doGetBean(AbstractBeanFactory.java:337)
	at org.springframework.beans.factory.support.AbstractBeanFactory.getBean(AbstractBeanFactory.java:207)
	at org.springframework.context.support.AbstractApplicationContext.finishBeanFactoryInitialization(AbstractApplicationContext.java:970)
	at org.springframework.context.support.AbstractApplicationContext.refresh(AbstractApplicationContext.java:627)
	at org.springframework.boot.web.servlet.context.ServletWebServerApplicationContext.refresh(ServletWebServerApplicationContext.java:146)
	at org.springframework.boot.SpringApplication.refresh(SpringApplication.java:752)
	at org.springframework.boot.SpringApplication.refreshContext(SpringApplication.java:439)
	at org.springframework.boot.SpringApplication.run(SpringApplication.java:318)
	at org.springframework.boot.SpringApplication.run(SpringApplication.java:1361)
	at org.springframework.boot.SpringApplication.run(SpringApplication.java:1350)
	at com.mall.listingplateform.ListingPlateformApplication.main(ListingPlateformApplication.java:10)
Caused by: com.mysql.cj.jdbc.exceptions.MysqlDataTruncation: Data truncation: Incorrect datetime value: '0000-00-00 00:00:00' for column 'update_time' at row 1
	at com.mysql.cj.jdbc.exceptions.SQLExceptionsMapping.translateException(SQLExceptionsMapping.java:104)
	at com.mysql.cj.jdbc.StatementImpl.executeInternal(StatementImpl.java:763)
	at com.mysql.cj.jdbc.StatementImpl.execute(StatementImpl.java:648)
	at com.zaxxer.hikari.pool.ProxyStatement.execute(ProxyStatement.java:94)
	at com.zaxxer.hikari.pool.HikariProxyStatement.execute(HikariProxyStatement.java)
	at org.hibernate.tool.schema.internal.exec.GenerationTargetToDatabase.accept(GenerationTargetToDatabase.java:80)
	... 37 common frames omitted
2025-05-09 10:12:30 [main] DEBUG org.hibernate.SQL - 
    alter table products 
       add column video varchar(255)
2025-05-09 10:12:30 [main] DEBUG org.hibernate.SQL - 
    alter table products 
       add column warning_stock integer
2025-05-09 10:12:30 [main] DEBUG org.hibernate.SQL - 
    alter table products 
       add column supplier_id bigint
2025-05-09 10:12:30 [main] DEBUG org.hibernate.SQL - 
    alter table product_analytics 
       drop index UK7dc06epswrielpud6dnqyttyo
2025-05-09 10:12:30 [main] DEBUG org.hibernate.SQL - 
    alter table product_analytics 
       add constraint UK7dc06epswrielpud6dnqyttyo unique (product_id)
2025-05-09 10:12:30 [main] DEBUG org.hibernate.SQL - 
    alter table product_data_quality 
       drop index UKp3paqt9dt22ajl92wv878uxrm
2025-05-09 10:12:30 [main] DEBUG org.hibernate.SQL - 
    alter table product_data_quality 
       add constraint UKp3paqt9dt22ajl92wv878uxrm unique (product_id)
2025-05-09 10:12:30 [main] DEBUG org.hibernate.SQL - 
    alter table product_supplier 
       drop index UKcnh0bktu8oiqcq1yeb4e5cqyv
2025-05-09 10:12:30 [main] DEBUG org.hibernate.SQL - 
    alter table product_supplier 
       add constraint UKcnh0bktu8oiqcq1yeb4e5cqyv unique (code)
2025-05-09 10:12:30 [main] DEBUG org.hibernate.SQL - 
    alter table products 
       drop index UK57ivhy5aj3qfmdvl6vxdfjs4p
2025-05-09 10:12:30 [main] DEBUG org.hibernate.SQL - 
    alter table products 
       add constraint UK57ivhy5aj3qfmdvl6vxdfjs4p unique (code)
2025-05-09 10:12:30 [main] DEBUG org.hibernate.SQL - 
    alter table product_analytics 
       add constraint FKs01u7vesjtjndswsh8fl6aytg 
       foreign key (product_id) 
       references products (id)
2025-05-09 10:12:30 [main] DEBUG org.hibernate.SQL - 
    alter table product_data_quality 
       add constraint FKagsqs4l56jed993yav7014ggy 
       foreign key (product_id) 
       references products (id)
2025-05-09 10:12:30 [main] DEBUG org.hibernate.SQL - 
    alter table products 
       add constraint FKjevkln4eq22ip319dfjy3cfbi 
       foreign key (supplier_id) 
       references product_supplier (id)
2025-05-09 10:12:30 [main] INFO  o.s.o.j.LocalContainerEntityManagerFactoryBean - Initialized JPA EntityManagerFactory for persistence unit 'default'
2025-05-09 10:12:31 [main] INFO  o.s.d.j.r.query.QueryEnhancerFactory - Hibernate is in classpath; If applicable, HQL parser will be used.
2025-05-09 10:12:31 [main] WARN  o.s.b.a.o.j.JpaBaseConfiguration$JpaWebConfiguration - spring.jpa.open-in-view is enabled by default. Therefore, database queries may be performed during view rendering. Explicitly configure spring.jpa.open-in-view to disable this warning
2025-05-09 10:12:32 [main] INFO  o.s.b.w.e.tomcat.TomcatWebServer - Tomcat started on port 8080 (http) with context path '/api'
2025-05-09 10:12:32 [main] INFO  com.alibaba.nacos.client.naming - initializer namespace from ans.namespace attribute : null
2025-05-09 10:12:32 [main] INFO  com.alibaba.nacos.client.naming - initializer namespace from ALIBABA_ALIWARE_NAMESPACE attribute :null
2025-05-09 10:12:32 [main] INFO  com.alibaba.nacos.client.naming - initializer namespace from namespace attribute :null
2025-05-09 10:12:32 [main] INFO  c.a.nacos.client.utils.ParamUtil - [settings] [req-serv] nacos-server port:8848
2025-05-09 10:12:32 [main] INFO  c.a.nacos.client.utils.ParamUtil - [settings] [http-client] connect timeout:1000
2025-05-09 10:12:32 [main] INFO  c.a.nacos.client.utils.ParamUtil - PER_TASK_CONFIG_SIZE: 3000.0
2025-05-09 10:12:32 [main] INFO  c.a.n.p.a.s.c.ClientAuthPluginManager - [ClientAuthPluginManager] Load ClientAuthService com.alibaba.nacos.client.auth.impl.NacosClientAuthServiceImpl success.
2025-05-09 10:12:32 [main] INFO  c.a.n.p.a.s.c.ClientAuthPluginManager - [ClientAuthPluginManager] Load ClientAuthService com.alibaba.nacos.client.auth.ram.RamClientAuthServiceImpl success.
2025-05-09 10:12:32 [Thread-3] INFO  c.a.n.c.a.r.i.CredentialWatcher - null No credential found
2025-05-09 10:12:32 [main] INFO  c.alibaba.nacos.common.remote.client - [RpcClientFactory] create a new rpc client of ebf0ee5c-af96-4ceb-8984-49159dc50996
2025-05-09 10:12:32 [main] INFO  com.alibaba.nacos.client.naming - Create naming rpc client for uuid->ebf0ee5c-af96-4ceb-8984-49159dc50996
2025-05-09 10:12:32 [main] INFO  c.alibaba.nacos.common.remote.client - [ebf0ee5c-af96-4ceb-8984-49159dc50996] RpcClient init, ServerListFactory = com.alibaba.nacos.client.naming.core.ServerListManager
2025-05-09 10:12:32 [main] INFO  c.alibaba.nacos.common.remote.client - [ebf0ee5c-af96-4ceb-8984-49159dc50996] Registry connection listener to current client:com.alibaba.nacos.client.naming.remote.gprc.redo.NamingGrpcRedoService
2025-05-09 10:12:32 [main] INFO  c.alibaba.nacos.common.remote.client - [ebf0ee5c-af96-4ceb-8984-49159dc50996] Register server push request handler:com.alibaba.nacos.client.naming.remote.gprc.NamingPushRequestHandler
2025-05-09 10:12:32 [main] INFO  c.alibaba.nacos.common.remote.client - [ebf0ee5c-af96-4ceb-8984-49159dc50996] Try to connect to server on start up, server: {serverIp = '127.0.0.1', server main port = 8848}
2025-05-09 10:12:32 [main] INFO  c.a.n.c.r.client.grpc.GrpcClient - grpc client connection server:127.0.0.1 ip,serverPort:9848,grpcTslConfig:{"sslProvider":"","enableTls":false,"mutualAuthEnable":false,"trustAll":false}
2025-05-09 10:12:32 [main] INFO  c.a.n.c.a.AbstractAbilityControlManager - Ready to get current node abilities...
2025-05-09 10:12:32 [main] INFO  c.a.n.c.a.AbstractAbilityControlManager - Ready to initialize current node abilities, support modes: [SDK_CLIENT]
2025-05-09 10:12:32 [main] INFO  c.a.n.c.a.AbstractAbilityControlManager - Initialize current abilities finish...
2025-05-09 10:12:32 [main] INFO  c.a.n.c.a.d.NacosAbilityManagerHolder - [AbilityControlManager] Successfully initialize AbilityControlManager
2025-05-09 10:12:32 [main] INFO  c.alibaba.nacos.common.remote.client - [ebf0ee5c-af96-4ceb-8984-49159dc50996] Success to connect to server [127.0.0.1:8848] on start up, connectionId = 1746756752482_127.0.0.1_49872
2025-05-09 10:12:32 [com.alibaba.nacos.client.remote.worker] INFO  c.alibaba.nacos.common.remote.client - [ebf0ee5c-af96-4ceb-8984-49159dc50996] Notify connected event to listeners.
2025-05-09 10:12:32 [com.alibaba.nacos.client.remote.worker] INFO  com.alibaba.nacos.client.naming - Grpc connection connect
2025-05-09 10:12:32 [main] INFO  c.alibaba.nacos.common.remote.client - [ebf0ee5c-af96-4ceb-8984-49159dc50996] Register server push request handler:com.alibaba.nacos.common.remote.client.RpcClient$ConnectResetRequestHandler
2025-05-09 10:12:32 [main] INFO  c.alibaba.nacos.common.remote.client - [ebf0ee5c-af96-4ceb-8984-49159dc50996] Register server push request handler:com.alibaba.nacos.common.remote.client.RpcClient$$Lambda/0x0000007001dfbdd8
2025-05-09 10:12:32 [main] INFO  com.alibaba.nacos.client.naming - [REGISTER-SERVICE] public registering service listing-plateform with instance Instance{instanceId='null', ip='192.168.2.241', port=8080, weight=1.0, healthy=true, enabled=true, ephemeral=true, clusterName='DEFAULT', serviceName='null', metadata={IPv6=[240e:354:24d:2500:ee67:d5ff:fecf:6462], preserved.register.source=SPRING_CLOUD}}
2025-05-09 10:12:32 [main] INFO  c.a.c.n.r.NacosServiceRegistry - nacos registry, DEFAULT_GROUP listing-plateform 192.168.2.241:8080 register finished
2025-05-09 10:12:32 [main] INFO  c.m.l.ListingPlateformApplication - Started ListingPlateformApplication in 4.756 seconds (process running for 5.211)
2025-05-09 10:13:16 [Thread-8] WARN  c.a.n.c.http.HttpClientBeanHolder - [HttpClientBeanHolder] Start destroying common HttpClient
2025-05-09 10:13:16 [Thread-5] WARN  c.a.nacos.common.notify.NotifyCenter - [NotifyCenter] Start destroying Publisher
2025-05-09 10:13:16 [Thread-5] WARN  c.a.nacos.common.notify.NotifyCenter - [NotifyCenter] Destruction of the end
2025-05-09 10:13:16 [Thread-8] WARN  c.a.n.c.http.HttpClientBeanHolder - [HttpClientBeanHolder] Destruction of the end
2025-05-09 10:13:16 [SpringApplicationShutdownHook] INFO  o.s.b.w.e.tomcat.GracefulShutdown - Commencing graceful shutdown. Waiting for active requests to complete
2025-05-09 10:13:16 [tomcat-shutdown] INFO  o.s.b.w.e.tomcat.GracefulShutdown - Graceful shutdown complete
2025-05-09 10:13:16 [SpringApplicationShutdownHook] INFO  c.a.c.n.r.NacosServiceRegistry - De-registering from Nacos Server now...
2025-05-09 10:13:16 [SpringApplicationShutdownHook] INFO  com.alibaba.nacos.client.naming - [DEREGISTER-SERVICE] public deregistering service listing-plateform with instance: Instance{instanceId='null', ip='192.168.2.241', port=8080, weight=1.0, healthy=true, enabled=true, ephemeral=true, clusterName='DEFAULT', serviceName='null', metadata={}}
2025-05-09 10:13:16 [SpringApplicationShutdownHook] INFO  c.a.c.n.r.NacosServiceRegistry - De-registration finished.
2025-05-09 10:13:16 [SpringApplicationShutdownHook] INFO  com.alibaba.nacos.client.naming - com.alibaba.nacos.client.naming.cache.ServiceInfoHolder do shutdown begin
2025-05-09 10:13:16 [SpringApplicationShutdownHook] INFO  com.alibaba.nacos.client.naming - com.alibaba.nacos.client.naming.backups.FailoverReactor do shutdown begin
2025-05-09 10:13:16 [SpringApplicationShutdownHook] INFO  com.alibaba.nacos.client.naming - com.alibaba.nacos.client.naming.backups.FailoverReactor do shutdown stop
2025-05-09 10:13:16 [SpringApplicationShutdownHook] INFO  com.alibaba.nacos.client.naming - com.alibaba.nacos.client.naming.cache.ServiceInfoHolder do shutdown stop
2025-05-09 10:13:16 [SpringApplicationShutdownHook] INFO  com.alibaba.nacos.client.naming - com.alibaba.nacos.client.naming.remote.NamingClientProxyDelegate do shutdown begin
2025-05-09 10:13:16 [SpringApplicationShutdownHook] INFO  com.alibaba.nacos.client.naming - com.alibaba.nacos.client.naming.core.ServiceInfoUpdateService do shutdown begin
2025-05-09 10:13:16 [SpringApplicationShutdownHook] INFO  com.alibaba.nacos.client.naming - com.alibaba.nacos.client.naming.core.ServiceInfoUpdateService do shutdown stop
2025-05-09 10:13:16 [SpringApplicationShutdownHook] INFO  com.alibaba.nacos.client.naming - com.alibaba.nacos.client.naming.core.ServerListManager do shutdown begin
2025-05-09 10:13:16 [SpringApplicationShutdownHook] WARN  com.alibaba.nacos.client.naming - [NamingHttpClientManager] Start destroying NacosRestTemplate
2025-05-09 10:13:16 [SpringApplicationShutdownHook] WARN  com.alibaba.nacos.client.naming - [NamingHttpClientManager] Destruction of the end
2025-05-09 10:13:16 [SpringApplicationShutdownHook] INFO  com.alibaba.nacos.client.naming - com.alibaba.nacos.client.naming.core.ServerListManager do shutdown stop
2025-05-09 10:13:16 [SpringApplicationShutdownHook] INFO  com.alibaba.nacos.client.naming - com.alibaba.nacos.client.naming.remote.http.NamingHttpClientProxy do shutdown begin
2025-05-09 10:13:16 [SpringApplicationShutdownHook] WARN  com.alibaba.nacos.client.naming - [NamingHttpClientManager] Start destroying NacosRestTemplate
2025-05-09 10:13:16 [SpringApplicationShutdownHook] WARN  com.alibaba.nacos.client.naming - [NamingHttpClientManager] Destruction of the end
2025-05-09 10:13:16 [SpringApplicationShutdownHook] INFO  com.alibaba.nacos.client.naming - com.alibaba.nacos.client.naming.remote.http.NamingHttpClientProxy do shutdown stop
2025-05-09 10:13:16 [SpringApplicationShutdownHook] INFO  com.alibaba.nacos.client.naming - Shutdown naming grpc client proxy for  uuid->ebf0ee5c-af96-4ceb-8984-49159dc50996
2025-05-09 10:13:16 [SpringApplicationShutdownHook] INFO  com.alibaba.nacos.client.naming - Shutdown grpc redo service executor java.util.concurrent.ScheduledThreadPoolExecutor@b42a630[Running, pool size = 1, active threads = 0, queued tasks = 1, completed tasks = 14]
2025-05-09 10:13:16 [SpringApplicationShutdownHook] INFO  c.alibaba.nacos.common.remote.client - Shutdown rpc client, set status to shutdown
2025-05-09 10:13:16 [SpringApplicationShutdownHook] INFO  c.alibaba.nacos.common.remote.client - Shutdown client event executor java.util.concurrent.ScheduledThreadPoolExecutor@3bbb5b2[Running, pool size = 2, active threads = 2, queued tasks = 0, completed tasks = 0]
2025-05-09 10:13:16 [SpringApplicationShutdownHook] INFO  c.alibaba.nacos.common.remote.client - Close current connection 1746756752482_127.0.0.1_49872
2025-05-09 10:13:16 [nacos-grpc-client-executor-127.0.0.1-30] INFO  c.a.n.c.r.client.grpc.GrpcClient - [1746756752482_127.0.0.1_49872]Ignore complete event,isRunning:false,isAbandon=false
2025-05-09 10:13:16 [SpringApplicationShutdownHook] INFO  c.a.n.c.r.client.grpc.GrpcClient - Shutdown grpc executor java.util.concurrent.ThreadPoolExecutor@5748ffe3[Running, pool size = 8, active threads = 0, queued tasks = 0, completed tasks = 31]
2025-05-09 10:13:16 [SpringApplicationShutdownHook] INFO  com.alibaba.nacos.client.naming - shutdown and remove naming rpc client  for uuid ->ebf0ee5c-af96-4ceb-8984-49159dc50996
2025-05-09 10:13:16 [SpringApplicationShutdownHook] INFO  c.a.n.c.a.r.i.CredentialWatcher - [null] CredentialWatcher is stopped
2025-05-09 10:13:16 [SpringApplicationShutdownHook] INFO  c.a.n.c.a.r.i.CredentialService - [null] CredentialService is freed
2025-05-09 10:13:16 [SpringApplicationShutdownHook] INFO  com.alibaba.nacos.client.naming - com.alibaba.nacos.client.naming.remote.NamingClientProxyDelegate do shutdown stop
2025-05-09 10:13:16 [SpringApplicationShutdownHook] INFO  o.s.o.j.LocalContainerEntityManagerFactoryBean - Closing JPA EntityManagerFactory for persistence unit 'default'
2025-05-09 10:13:16 [SpringApplicationShutdownHook] INFO  com.zaxxer.hikari.HikariDataSource - HikariPool-1 - Shutdown initiated...
2025-05-09 10:13:16 [SpringApplicationShutdownHook] INFO  com.zaxxer.hikari.HikariDataSource - HikariPool-1 - Shutdown completed.
